<?xml version="1.0" encoding="UTF-8"?>
<!-- Generated by org.testng.reporters.JUnitXMLReporter -->
<testsuite hostname="ISIPL-PUNV-L078" ignored="0" name="Suite Test1" tests="5" failures="0" timestamp="25 Oct 2018 07:50:40 GMT" time="67.583" errors="0">
  <testcase name="methodfive" time="14.428" classname="parellel.A"/>
  <testcase name="methodfour" time="15.603" classname="parellel.A"/>
  <testcase name="methodone" time="15.519" classname="parellel.A"/>
  <testcase name="methodthree" time="15.106" classname="parellel.A"/>
  <testcase name="methodtwo" time="6.914" classname="parellel.A"/>
</testsuite> <!-- Suite Test1 -->
