<?xml version="1.0" encoding="UTF-8"?>
<testng-results skipped="0" failed="0" ignored="0" total="3" passed="3">
  <reporter-output>
  </reporter-output>
  <suite name="Test-AutomationC" duration-ms="22021" started-at="2018-10-30T04:04:24Z" finished-at="2018-10-30T04:04:46Z">
    <groups>
    </groups>
    <test name="SuiteTestC" duration-ms="22021" started-at="2018-10-30T04:04:24Z" finished-at="2018-10-30T04:04:46Z">
      <class name="parellel.C">
        <test-method status="PASS" signature="method3()[pri:0, instance:parellel.C@544fe44c]" name="method3" duration-ms="15265" started-at="2018-10-30T04:04:24Z" finished-at="2018-10-30T04:04:39Z">
          <reporter-output>
          </reporter-output>
        </test-method> <!-- method3 -->
        <test-method status="PASS" signature="method2()[pri:0, instance:parellel.C@544fe44c]" name="method2" duration-ms="22006" started-at="2018-10-30T04:04:24Z" finished-at="2018-10-30T04:04:46Z">
          <reporter-output>
          </reporter-output>
        </test-method> <!-- method2 -->
        <test-method status="PASS" signature="method1()[pri:0, instance:parellel.C@544fe44c]" name="method1" duration-ms="8096" started-at="2018-10-30T04:04:24Z" finished-at="2018-10-30T04:04:32Z">
          <reporter-output>
          </reporter-output>
        </test-method> <!-- method1 -->
      </class> <!-- parellel.C -->
    </test> <!-- SuiteTestC -->
  </suite> <!-- Test-AutomationC -->
</testng-results>
